[debug] [2022-02-07T11:36:33.202Z] ----------------------------------------------------------------------
[debug] [2022-02-07T11:36:33.213Z] Command:       C:\Program Files\nodejs\node.exe C:\Users\user\AppData\Roaming\npm\node_modules\firebase-tools\lib\bin\firebase.js login
[debug] [2022-02-07T11:36:33.215Z] CLI Version:   10.1.3
[debug] [2022-02-07T11:36:33.216Z] Platform:      win32
[debug] [2022-02-07T11:36:33.216Z] Node Version:  v16.10.0
[debug] [2022-02-07T11:36:33.219Z] Time:          Mon Feb 07 2022 12:36:33 GMT+0100 (West Africa Standard Time)
[debug] [2022-02-07T11:36:33.220Z] ----------------------------------------------------------------------
[debug] 
[info] i  Firebase optionally collects CLI usage and error reporting information to help improve our products. Data is collected in accordance with Google's privacy policy (https://policies.google.com/privacy) and is not used to identify you.
 
[info] i  To change your data collection preference at any time, run `firebase logout` and log in again. 
[info] 
[info] Visit this URL on this device to log in:
[info] https://accounts.google.com/o/oauth2/auth?client_id=563584335869-fgrhgmd47bqnekij5i8b5pr03ho849e6.apps.googleusercontent.com&scope=email%20openid%20https%3A%2F%2Fwww.googleapis.com%2Fauth%2Fcloudplatformprojects.readonly%20https%3A%2F%2Fwww.googleapis.com%2Fauth%2Ffirebase%20https%3A%2F%2Fwww.googleapis.com%2Fauth%2Fcloud-platform&response_type=code&state=232110985&redirect_uri=http%3A%2F%2Flocalhost%3A9005
[info] 
[info] Waiting for authentication...
[debug] [2022-02-07T11:36:38.003Z] Error: spawn cmd ENOENT
    at Process.ChildProcess._handle.onexit (node:internal/child_process:282:19)
    at onErrorNT (node:internal/child_process:477:16)
    at processTicksAndRejections (node:internal/process/task_queues:83:21)
[error] 
[error] Error: An unexpected error has occurred.
